

Started GET "/users/sign_in" for 127.0.0.1 at 2017-01-13 16:41:40 -0800

ActionController::RoutingError (No route matches [GET] "/users/sign_in"):
  actionpack (4.2.6) lib/action_dispatch/middleware/debug_exceptions.rb:21:in `call'
  web-console (2.3.0) lib/web_console/middleware.rb:28:in `block in call'
  web-console (2.3.0) lib/web_console/middleware.rb:18:in `catch'
  web-console (2.3.0) lib/web_console/middleware.rb:18:in `call'
  actionpack (4.2.6) lib/action_dispatch/middleware/show_exceptions.rb:30:in `call'
  railties (4.2.6) lib/rails/rack/logger.rb:38:in `call_app'
  railties (4.2.6) lib/rails/rack/logger.rb:20:in `block in call'
  activesupport (4.2.6) lib/active_support/tagged_logging.rb:68:in `block in tagged'
  activesupport (4.2.6) lib/active_support/tagged_logging.rb:26:in `tagged'
  activesupport (4.2.6) lib/active_support/tagged_logging.rb:68:in `tagged'
  railties (4.2.6) lib/rails/rack/logger.rb:20:in `call'
  actionpack (4.2.6) lib/action_dispatch/middleware/request_id.rb:21:in `call'
  rack (1.6.5) lib/rack/methodoverride.rb:22:in `call'
  rack (1.6.5) lib/rack/runtime.rb:18:in `call'
  activesupport (4.2.6) lib/active_support/cache/strategy/local_cache_middleware.rb:28:in `call'
  rack (1.6.5) lib/rack/lock.rb:17:in `call'
  actionpack (4.2.6) lib/action_dispatch/middleware/static.rb:120:in `call'
  rack (1.6.5) lib/rack/sendfile.rb:113:in `call'
  railties (4.2.6) lib/rails/engine.rb:518:in `call'
  railties (4.2.6) lib/rails/application.rb:165:in `call'
  rack (1.6.5) lib/rack/lock.rb:17:in `call'
  rack (1.6.5) lib/rack/content_length.rb:15:in `call'
  rack (1.6.5) lib/rack/handler/webrick.rb:88:in `service'
  /home/roberto/.rbenv/versions/2.3.1/lib/ruby/2.3.0/webrick/httpserver.rb:140:in `service'
  /home/roberto/.rbenv/versions/2.3.1/lib/ruby/2.3.0/webrick/httpserver.rb:96:in `run'
  /home/roberto/.rbenv/versions/2.3.1/lib/ruby/2.3.0/webrick/server.rb:296:in `block in start_thread'


  Rendered /home/roberto/.rbenv/versions/2.3.1/lib/ruby/gems/2.3.0/gems/actionpack-4.2.6/lib/action_dispatch/middleware/templates/rescues/_trace.html.erb (3.8ms)
  Rendered /home/roberto/.rbenv/versions/2.3.1/lib/ruby/gems/2.3.0/gems/actionpack-4.2.6/lib/action_dispatch/middleware/templates/routes/_route.html.erb (2.0ms)
  Rendered /home/roberto/.rbenv/versions/2.3.1/lib/ruby/gems/2.3.0/gems/actionpack-4.2.6/lib/action_dispatch/middleware/templates/routes/_table.html.erb (46.3ms)
  Rendered /home/roberto/.rbenv/versions/2.3.1/lib/ruby/gems/2.3.0/gems/actionpack-4.2.6/lib/action_dispatch/middleware/templates/rescues/_request_and_response.html.erb (49.7ms)
  Rendered /home/roberto/.rbenv/versions/2.3.1/lib/ruby/gems/2.3.0/gems/actionpack-4.2.6/lib/action_dispatch/middleware/templates/rescues/routing_error.html.erb within rescues/layout (317.1ms)
  Rendered /home/roberto/.rbenv/versions/2.3.1/lib/ruby/gems/2.3.0/gems/web-console-2.3.0/lib/web_console/templates/_markup.html.erb (1.2ms)
  Rendered /home/roberto/.rbenv/versions/2.3.1/lib/ruby/gems/2.3.0/gems/web-console-2.3.0/lib/web_console/templates/_inner_console_markup.html.erb within layouts/inlined_string (0.7ms)
  Rendered /home/roberto/.rbenv/versions/2.3.1/lib/ruby/gems/2.3.0/gems/web-console-2.3.0/lib/web_console/templates/_prompt_box_markup.html.erb within layouts/inlined_string (0.9ms)
  Rendered /home/roberto/.rbenv/versions/2.3.1/lib/ruby/gems/2.3.0/gems/web-console-2.3.0/lib/web_console/templates/style.css.erb within layouts/inlined_string (4.4ms)
  Rendered /home/roberto/.rbenv/versions/2.3.1/lib/ruby/gems/2.3.0/gems/web-console-2.3.0/lib/web_console/templates/console.js.erb within layouts/javascript (140.6ms)
  Rendered /home/roberto/.rbenv/versions/2.3.1/lib/ruby/gems/2.3.0/gems/web-console-2.3.0/lib/web_console/templates/main.js.erb within layouts/javascript (1.7ms)
  Rendered /home/roberto/.rbenv/versions/2.3.1/lib/ruby/gems/2.3.0/gems/web-console-2.3.0/lib/web_console/templates/error_page.js.erb within layouts/javascript (1.0ms)
  Rendered /home/roberto/.rbenv/versions/2.3.1/lib/ruby/gems/2.3.0/gems/web-console-2.3.0/lib/web_console/templates/index.html.erb (238.7ms)


Started GET "/" for 127.0.0.1 at 2017-01-13 16:41:48 -0800

SyntaxError (/home/roberto/SMIL/POC-ROR/app/helpers/application_helper.rb:5: syntax error, unexpected end-of-input, expecting keyword_end):
  app/helpers/application_helper.rb:5: syntax error, unexpected end-of-input, expecting keyword_end
  app/controllers/application_controller.rb:1:in `<top (required)>'
  app/controllers/welcome_controller.rb:1:in `<top (required)>'


  Rendered /home/roberto/.rbenv/versions/2.3.1/lib/ruby/gems/2.3.0/gems/actionpack-4.2.6/lib/action_dispatch/middleware/templates/rescues/_source.erb (9.6ms)
  Rendered /home/roberto/.rbenv/versions/2.3.1/lib/ruby/gems/2.3.0/gems/actionpack-4.2.6/lib/action_dispatch/middleware/templates/rescues/_trace.html.erb (4.1ms)
  Rendered /home/roberto/.rbenv/versions/2.3.1/lib/ruby/gems/2.3.0/gems/actionpack-4.2.6/lib/action_dispatch/middleware/templates/rescues/_request_and_response.html.erb (1.7ms)
  Rendered /home/roberto/.rbenv/versions/2.3.1/lib/ruby/gems/2.3.0/gems/actionpack-4.2.6/lib/action_dispatch/middleware/templates/rescues/diagnostics.html.erb within rescues/layout (42.3ms)
  Rendered /home/roberto/.rbenv/versions/2.3.1/lib/ruby/gems/2.3.0/gems/web-console-2.3.0/lib/web_console/templates/_markup.html.erb (0.7ms)
  Rendered /home/roberto/.rbenv/versions/2.3.1/lib/ruby/gems/2.3.0/gems/web-console-2.3.0/lib/web_console/templates/_inner_console_markup.html.erb within layouts/inlined_string (0.8ms)
  Rendered /home/roberto/.rbenv/versions/2.3.1/lib/ruby/gems/2.3.0/gems/web-console-2.3.0/lib/web_console/templates/_prompt_box_markup.html.erb within layouts/inlined_string (0.6ms)
  Rendered /home/roberto/.rbenv/versions/2.3.1/lib/ruby/gems/2.3.0/gems/web-console-2.3.0/lib/web_console/templates/style.css.erb within layouts/inlined_string (0.8ms)
  Rendered /home/roberto/.rbenv/versions/2.3.1/lib/ruby/gems/2.3.0/gems/web-console-2.3.0/lib/web_console/templates/console.js.erb within layouts/javascript (35.9ms)
  Rendered /home/roberto/.rbenv/versions/2.3.1/lib/ruby/gems/2.3.0/gems/web-console-2.3.0/lib/web_console/templates/main.js.erb within layouts/javascript (0.7ms)
  Rendered /home/roberto/.rbenv/versions/2.3.1/lib/ruby/gems/2.3.0/gems/web-console-2.3.0/lib/web_console/templates/error_page.js.erb within layouts/javascript (0.7ms)
  Rendered /home/roberto/.rbenv/versions/2.3.1/lib/ruby/gems/2.3.0/gems/web-console-2.3.0/lib/web_console/templates/index.html.erb (67.9ms)


Started GET "/" for 127.0.0.1 at 2017-01-13 16:42:20 -0800
Processing by WelcomeController#index as HTML
  Rendered welcome/index.html.erb within layouts/application (112.3ms)
Completed 500 Internal Server Error in 128ms (ActiveRecord: 0.0ms)

ActionView::Template::Error (undefined local variable or method `new_user_registration_path' for #<#<Class:0x00564989dad940>:0x00564989d9a5c0>):
     7:       <p>Register to get started.</p>
     8:       <p>
     9:          new_user_registration_path = 'www.google.com'
    10:         <%= link_to 'Register', new_user_registration_path, class: 'btn btn-primary btn-lg' %>
    11:       </p>
    12:     </div>
    13:   </div>
  app/views/welcome/index.html.erb:10:in `block in _app_views_welcome_index_html_erb__4403370973887900148_47436922667900'
  app/views/welcome/index.html.erb:3:in `_app_views_welcome_index_html_erb__4403370973887900148_47436922667900'


  Rendered /home/roberto/.rbenv/versions/2.3.1/lib/ruby/gems/2.3.0/gems/actionpack-4.2.6/lib/action_dispatch/middleware/templates/rescues/_source.erb (27.7ms)
  Rendered /home/roberto/.rbenv/versions/2.3.1/lib/ruby/gems/2.3.0/gems/actionpack-4.2.6/lib/action_dispatch/middleware/templates/rescues/_trace.html.erb (12.7ms)
  Rendered /home/roberto/.rbenv/versions/2.3.1/lib/ruby/gems/2.3.0/gems/actionpack-4.2.6/lib/action_dispatch/middleware/templates/rescues/_request_and_response.html.erb (5.3ms)
  Rendered /home/roberto/.rbenv/versions/2.3.1/lib/ruby/gems/2.3.0/gems/actionpack-4.2.6/lib/action_dispatch/middleware/templates/rescues/template_error.html.erb within rescues/layout (85.3ms)
  Rendered /home/roberto/.rbenv/versions/2.3.1/lib/ruby/gems/2.3.0/gems/web-console-2.3.0/lib/web_console/templates/_markup.html.erb (1.2ms)
  Rendered /home/roberto/.rbenv/versions/2.3.1/lib/ruby/gems/2.3.0/gems/web-console-2.3.0/lib/web_console/templates/_inner_console_markup.html.erb within layouts/inlined_string (0.7ms)
  Rendered /home/roberto/.rbenv/versions/2.3.1/lib/ruby/gems/2.3.0/gems/web-console-2.3.0/lib/web_console/templates/_prompt_box_markup.html.erb within layouts/inlined_string (1.0ms)
  Rendered /home/roberto/.rbenv/versions/2.3.1/lib/ruby/gems/2.3.0/gems/web-console-2.3.0/lib/web_console/templates/style.css.erb within layouts/inlined_string (0.9ms)
  Rendered /home/roberto/.rbenv/versions/2.3.1/lib/ruby/gems/2.3.0/gems/web-console-2.3.0/lib/web_console/templates/console.js.erb within layouts/javascript (62.9ms)
  Rendered /home/roberto/.rbenv/versions/2.3.1/lib/ruby/gems/2.3.0/gems/web-console-2.3.0/lib/web_console/templates/main.js.erb within layouts/javascript (0.6ms)
  Rendered /home/roberto/.rbenv/versions/2.3.1/lib/ruby/gems/2.3.0/gems/web-console-2.3.0/lib/web_console/templates/error_page.js.erb within layouts/javascript (0.9ms)
  Rendered /home/roberto/.rbenv/versions/2.3.1/lib/ruby/gems/2.3.0/gems/web-console-2.3.0/lib/web_console/templates/index.html.erb (102.1ms)


Started GET "/" for 127.0.0.1 at 2017-01-13 16:45:45 -0800
Processing by WelcomeController#index as HTML
  Rendered welcome/index.html.erb within layouts/application (108.1ms)
Completed 500 Internal Server Error in 115ms (ActiveRecord: 0.0ms)

ActionView::Template::Error (undefined local variable or method `new_user_registration_path' for #<#<Class:0x00564989dad940>:0x0056498a5ab098>):
     7:       <p>Register to get started.</p>
     8:       <p>
     9:          new_user_registration_path = "www.google.com"
    10:         <%= link_to 'Register', new_user_registration_path, class: 'btn btn-primary btn-lg' %>
    11:       </p>
    12:     </div>
    13:   </div>
  app/views/welcome/index.html.erb:10:in `block in _app_views_welcome_index_html_erb__4403370973887900148_47436926895980'
  app/views/welcome/index.html.erb:3:in `_app_views_welcome_index_html_erb__4403370973887900148_47436926895980'


  Rendered /home/roberto/.rbenv/versions/2.3.1/lib/ruby/gems/2.3.0/gems/actionpack-4.2.6/lib/action_dispatch/middleware/templates/rescues/_source.erb (25.8ms)
  Rendered /home/roberto/.rbenv/versions/2.3.1/lib/ruby/gems/2.3.0/gems/actionpack-4.2.6/lib/action_dispatch/middleware/templates/rescues/_trace.html.erb (8.6ms)
  Rendered /home/roberto/.rbenv/versions/2.3.1/lib/ruby/gems/2.3.0/gems/actionpack-4.2.6/lib/action_dispatch/middleware/templates/rescues/_request_and_response.html.erb (4.7ms)
  Rendered /home/roberto/.rbenv/versions/2.3.1/lib/ruby/gems/2.3.0/gems/actionpack-4.2.6/lib/action_dispatch/middleware/templates/rescues/template_error.html.erb within rescues/layout (68.8ms)
  Rendered /home/roberto/.rbenv/versions/2.3.1/lib/ruby/gems/2.3.0/gems/web-console-2.3.0/lib/web_console/templates/_markup.html.erb (0.8ms)
  Rendered /home/roberto/.rbenv/versions/2.3.1/lib/ruby/gems/2.3.0/gems/web-console-2.3.0/lib/web_console/templates/_inner_console_markup.html.erb within layouts/inlined_string (1.1ms)
  Rendered /home/roberto/.rbenv/versions/2.3.1/lib/ruby/gems/2.3.0/gems/web-console-2.3.0/lib/web_console/templates/_prompt_box_markup.html.erb within layouts/inlined_string (0.7ms)
  Rendered /home/roberto/.rbenv/versions/2.3.1/lib/ruby/gems/2.3.0/gems/web-console-2.3.0/lib/web_console/templates/style.css.erb within layouts/inlined_string (2.9ms)
  Rendered /home/roberto/.rbenv/versions/2.3.1/lib/ruby/gems/2.3.0/gems/web-console-2.3.0/lib/web_console/templates/console.js.erb within layouts/javascript (41.6ms)
  Rendered /home/roberto/.rbenv/versions/2.3.1/lib/ruby/gems/2.3.0/gems/web-console-2.3.0/lib/web_console/templates/main.js.erb within layouts/javascript (0.6ms)
  Rendered /home/roberto/.rbenv/versions/2.3.1/lib/ruby/gems/2.3.0/gems/web-console-2.3.0/lib/web_console/templates/error_page.js.erb within layouts/javascript (0.9ms)
  Rendered /home/roberto/.rbenv/versions/2.3.1/lib/ruby/gems/2.3.0/gems/web-console-2.3.0/lib/web_console/templates/index.html.erb (77.9ms)


Started GET "/" for 127.0.0.1 at 2017-01-13 16:46:10 -0800
Processing by WelcomeController#index as HTML
  Rendered welcome/index.html.erb within layouts/application (2.8ms)
Completed 200 OK in 2265ms (Views: 2264.8ms | ActiveRecord: 0.0ms)


Started GET "/assets/application.self-a1cf8c2139fadd1b554474f73d659406116052c17c3f8a9938e8c51978ea6a75.css?body=1" for 127.0.0.1 at 2017-01-13 16:46:13 -0800


Started GET "/assets/jquery.self-bd7ddd393353a8d2480a622e80342adf488fb6006d667e8b42e4c0073393abee.js?body=1" for 127.0.0.1 at 2017-01-13 16:46:13 -0800


Started GET "/assets/jquery_ujs.self-784a997f6726036b1993eb2217c9cb558e1cbb801c6da88105588c56f13b466a.js?body=1" for 127.0.0.1 at 2017-01-13 16:46:13 -0800


Started GET "/assets/turbolinks.self-c5acd7a204f5f25ce7a1d8a0e4d92e28d34c9e2df2c7371cd7af88e147e4ad82.js?body=1" for 127.0.0.1 at 2017-01-13 16:46:13 -0800


Started GET "/assets/welcome.self-877aef30ae1b040ab8a3aba4e3e309a11d7f2612f44dde450b5c157aa5f95c05.js?body=1" for 127.0.0.1 at 2017-01-13 16:46:13 -0800


Started GET "/assets/application.self-3b8dabdc891efe46b9a144b400ad69e37d7e5876bdc39dee783419a69d7ca819.js?body=1" for 127.0.0.1 at 2017-01-13 16:46:13 -0800


Started GET "/assets/bootstrap-sprockets" for 127.0.0.1 at 2017-01-13 16:46:13 -0800


Started GET "/assets/bootstrap" for 127.0.0.1 at 2017-01-13 16:46:13 -0800


Started GET "/assets/bootstrap/theme" for 127.0.0.1 at 2017-01-13 16:46:13 -0800

ActionController::RoutingError (No route matches [GET] "/assets/bootstrap/theme"):
  actionpack (4.2.6) lib/action_dispatch/middleware/debug_exceptions.rb:21:in `call'
  web-console (2.3.0) lib/web_console/middleware.rb:28:in `block in call'
  web-console (2.3.0) lib/web_console/middleware.rb:18:in `catch'
  web-console (2.3.0) lib/web_console/middleware.rb:18:in `call'
  actionpack (4.2.6) lib/action_dispatch/middleware/show_exceptions.rb:30:in `call'
  railties (4.2.6) lib/rails/rack/logger.rb:38:in `call_app'
  railties (4.2.6) lib/rails/rack/logger.rb:20:in `block in call'
  activesupport (4.2.6) lib/active_support/tagged_logging.rb:68:in `block in tagged'
  activesupport (4.2.6) lib/active_support/tagged_logging.rb:26:in `tagged'
  activesupport (4.2.6) lib/active_support/tagged_logging.rb:68:in `tagged'
  railties (4.2.6) lib/rails/rack/logger.rb:20:in `call'
  actionpack (4.2.6) lib/action_dispatch/middleware/request_id.rb:21:in `call'
  rack (1.6.5) lib/rack/methodoverride.rb:22:in `call'
  rack (1.6.5) lib/rack/runtime.rb:18:in `call'
  activesupport (4.2.6) lib/active_support/cache/strategy/local_cache_middleware.rb:28:in `call'
  rack (1.6.5) lib/rack/lock.rb:17:in `call'
  actionpack (4.2.6) lib/action_dispatch/middleware/static.rb:120:in `call'
  rack (1.6.5) lib/rack/sendfile.rb:113:in `call'
  railties (4.2.6) lib/rails/engine.rb:518:in `call'
  railties (4.2.6) lib/rails/application.rb:165:in `call'
  rack (1.6.5) lib/rack/lock.rb:17:in `call'
  rack (1.6.5) lib/rack/content_length.rb:15:in `call'
  rack (1.6.5) lib/rack/handler/webrick.rb:88:in `service'
  /home/roberto/.rbenv/versions/2.3.1/lib/ruby/2.3.0/webrick/httpserver.rb:140:in `service'
  /home/roberto/.rbenv/versions/2.3.1/lib/ruby/2.3.0/webrick/httpserver.rb:96:in `run'
  /home/roberto/.rbenv/versions/2.3.1/lib/ruby/2.3.0/webrick/server.rb:296:in `block in start_thread'


  Rendered /home/roberto/.rbenv/versions/2.3.1/lib/ruby/gems/2.3.0/gems/actionpack-4.2.6/lib/action_dispatch/middleware/templates/rescues/_trace.html.erb (5.0ms)
  Rendered /home/roberto/.rbenv/versions/2.3.1/lib/ruby/gems/2.3.0/gems/actionpack-4.2.6/lib/action_dispatch/middleware/templates/routes/_route.html.erb (1.4ms)
  Rendered /home/roberto/.rbenv/versions/2.3.1/lib/ruby/gems/2.3.0/gems/actionpack-4.2.6/lib/action_dispatch/middleware/templates/routes/_table.html.erb (3.0ms)
  Rendered /home/roberto/.rbenv/versions/2.3.1/lib/ruby/gems/2.3.0/gems/actionpack-4.2.6/lib/action_dispatch/middleware/templates/rescues/_request_and_response.html.erb (3.6ms)
  Rendered /home/roberto/.rbenv/versions/2.3.1/lib/ruby/gems/2.3.0/gems/actionpack-4.2.6/lib/action_dispatch/middleware/templates/rescues/routing_error.html.erb within rescues/layout (50.3ms)
  Rendered /home/roberto/.rbenv/versions/2.3.1/lib/ruby/gems/2.3.0/gems/web-console-2.3.0/lib/web_console/templates/_markup.html.erb (0.9ms)
  Rendered /home/roberto/.rbenv/versions/2.3.1/lib/ruby/gems/2.3.0/gems/web-console-2.3.0/lib/web_console/templates/_inner_console_markup.html.erb within layouts/inlined_string (0.7ms)
  Rendered /home/roberto/.rbenv/versions/2.3.1/lib/ruby/gems/2.3.0/gems/web-console-2.3.0/lib/web_console/templates/_prompt_box_markup.html.erb within layouts/inlined_string (0.5ms)
  Rendered /home/roberto/.rbenv/versions/2.3.1/lib/ruby/gems/2.3.0/gems/web-console-2.3.0/lib/web_console/templates/style.css.erb within layouts/inlined_string (0.8ms)
  Rendered /home/roberto/.rbenv/versions/2.3.1/lib/ruby/gems/2.3.0/gems/web-console-2.3.0/lib/web_console/templates/console.js.erb within layouts/javascript (34.1ms)
  Rendered /home/roberto/.rbenv/versions/2.3.1/lib/ruby/gems/2.3.0/gems/web-console-2.3.0/lib/web_console/templates/main.js.erb within layouts/javascript (0.6ms)
  Rendered /home/roberto/.rbenv/versions/2.3.1/lib/ruby/gems/2.3.0/gems/web-console-2.3.0/lib/web_console/templates/error_page.js.erb within layouts/javascript (0.8ms)
  Rendered /home/roberto/.rbenv/versions/2.3.1/lib/ruby/gems/2.3.0/gems/web-console-2.3.0/lib/web_console/templates/index.html.erb (65.1ms)


Started GET "/" for 127.0.0.1 at 2017-01-13 16:46:57 -0800
Processing by WelcomeController#index as HTML
  Rendered welcome/index.html.erb within layouts/application (4.0ms)
Completed 200 OK in 93ms (Views: 90.8ms | ActiveRecord: 0.0ms)


Started GET "/assets/application.self-a1cf8c2139fadd1b554474f73d659406116052c17c3f8a9938e8c51978ea6a75.css?body=1" for 127.0.0.1 at 2017-01-13 16:46:58 -0800


Started GET "/assets/jquery.self-bd7ddd393353a8d2480a622e80342adf488fb6006d667e8b42e4c0073393abee.js?body=1" for 127.0.0.1 at 2017-01-13 16:46:58 -0800


Started GET "/assets/jquery_ujs.self-784a997f6726036b1993eb2217c9cb558e1cbb801c6da88105588c56f13b466a.js?body=1" for 127.0.0.1 at 2017-01-13 16:46:58 -0800


Started GET "/assets/welcome.self-877aef30ae1b040ab8a3aba4e3e309a11d7f2612f44dde450b5c157aa5f95c05.js?body=1" for 127.0.0.1 at 2017-01-13 16:46:58 -0800


Started GET "/assets/application.self-3b8dabdc891efe46b9a144b400ad69e37d7e5876bdc39dee783419a69d7ca819.js?body=1" for 127.0.0.1 at 2017-01-13 16:46:58 -0800


Started GET "/assets/turbolinks.self-c5acd7a204f5f25ce7a1d8a0e4d92e28d34c9e2df2c7371cd7af88e147e4ad82.js?body=1" for 127.0.0.1 at 2017-01-13 16:46:58 -0800


Started GET "/assets/bootstrap" for 127.0.0.1 at 2017-01-13 16:46:58 -0800


Started GET "/assets/bootstrap-sprockets" for 127.0.0.1 at 2017-01-13 16:46:58 -0800


Started GET "/assets/bootstrap/theme" for 127.0.0.1 at 2017-01-13 16:46:58 -0800

ActionController::RoutingError (No route matches [GET] "/assets/bootstrap/theme"):
  actionpack (4.2.6) lib/action_dispatch/middleware/debug_exceptions.rb:21:in `call'
  web-console (2.3.0) lib/web_console/middleware.rb:28:in `block in call'
  web-console (2.3.0) lib/web_console/middleware.rb:18:in `catch'
  web-console (2.3.0) lib/web_console/middleware.rb:18:in `call'
  actionpack (4.2.6) lib/action_dispatch/middleware/show_exceptions.rb:30:in `call'
  railties (4.2.6) lib/rails/rack/logger.rb:38:in `call_app'
  railties (4.2.6) lib/rails/rack/logger.rb:20:in `block in call'
  activesupport (4.2.6) lib/active_support/tagged_logging.rb:68:in `block in tagged'
  activesupport (4.2.6) lib/active_support/tagged_logging.rb:26:in `tagged'
  activesupport (4.2.6) lib/active_support/tagged_logging.rb:68:in `tagged'
  railties (4.2.6) lib/rails/rack/logger.rb:20:in `call'
  actionpack (4.2.6) lib/action_dispatch/middleware/request_id.rb:21:in `call'
  rack (1.6.5) lib/rack/methodoverride.rb:22:in `call'
  rack (1.6.5) lib/rack/runtime.rb:18:in `call'
  activesupport (4.2.6) lib/active_support/cache/strategy/local_cache_middleware.rb:28:in `call'
  rack (1.6.5) lib/rack/lock.rb:17:in `call'
  actionpack (4.2.6) lib/action_dispatch/middleware/static.rb:120:in `call'
  rack (1.6.5) lib/rack/sendfile.rb:113:in `call'
  railties (4.2.6) lib/rails/engine.rb:518:in `call'
  railties (4.2.6) lib/rails/application.rb:165:in `call'
  rack (1.6.5) lib/rack/lock.rb:17:in `call'
  rack (1.6.5) lib/rack/content_length.rb:15:in `call'
  rack (1.6.5) lib/rack/handler/webrick.rb:88:in `service'
  /home/roberto/.rbenv/versions/2.3.1/lib/ruby/2.3.0/webrick/httpserver.rb:140:in `service'
  /home/roberto/.rbenv/versions/2.3.1/lib/ruby/2.3.0/webrick/httpserver.rb:96:in `run'
  /home/roberto/.rbenv/versions/2.3.1/lib/ruby/2.3.0/webrick/server.rb:296:in `block in start_thread'


  Rendered /home/roberto/.rbenv/versions/2.3.1/lib/ruby/gems/2.3.0/gems/actionpack-4.2.6/lib/action_dispatch/middleware/templates/rescues/_trace.html.erb (9.7ms)
  Rendered /home/roberto/.rbenv/versions/2.3.1/lib/ruby/gems/2.3.0/gems/actionpack-4.2.6/lib/action_dispatch/middleware/templates/routes/_route.html.erb (3.3ms)
  Rendered /home/roberto/.rbenv/versions/2.3.1/lib/ruby/gems/2.3.0/gems/actionpack-4.2.6/lib/action_dispatch/middleware/templates/routes/_table.html.erb (4.5ms)
  Rendered /home/roberto/.rbenv/versions/2.3.1/lib/ruby/gems/2.3.0/gems/actionpack-4.2.6/lib/action_dispatch/middleware/templates/rescues/_request_and_response.html.erb (4.4ms)
  Rendered /home/roberto/.rbenv/versions/2.3.1/lib/ruby/gems/2.3.0/gems/actionpack-4.2.6/lib/action_dispatch/middleware/templates/rescues/routing_error.html.erb within rescues/layout (97.7ms)
  Rendered /home/roberto/.rbenv/versions/2.3.1/lib/ruby/gems/2.3.0/gems/web-console-2.3.0/lib/web_console/templates/_markup.html.erb (1.0ms)
  Rendered /home/roberto/.rbenv/versions/2.3.1/lib/ruby/gems/2.3.0/gems/web-console-2.3.0/lib/web_console/templates/_inner_console_markup.html.erb within layouts/inlined_string (1.2ms)
  Rendered /home/roberto/.rbenv/versions/2.3.1/lib/ruby/gems/2.3.0/gems/web-console-2.3.0/lib/web_console/templates/_prompt_box_markup.html.erb within layouts/inlined_string (0.7ms)
  Rendered /home/roberto/.rbenv/versions/2.3.1/lib/ruby/gems/2.3.0/gems/web-console-2.3.0/lib/web_console/templates/style.css.erb within layouts/inlined_string (1.0ms)
  Rendered /home/roberto/.rbenv/versions/2.3.1/lib/ruby/gems/2.3.0/gems/web-console-2.3.0/lib/web_console/templates/console.js.erb within layouts/javascript (38.9ms)
  Rendered /home/roberto/.rbenv/versions/2.3.1/lib/ruby/gems/2.3.0/gems/web-console-2.3.0/lib/web_console/templates/main.js.erb within layouts/javascript (0.6ms)
  Rendered /home/roberto/.rbenv/versions/2.3.1/lib/ruby/gems/2.3.0/gems/web-console-2.3.0/lib/web_console/templates/error_page.js.erb within layouts/javascript (1.0ms)
  Rendered /home/roberto/.rbenv/versions/2.3.1/lib/ruby/gems/2.3.0/gems/web-console-2.3.0/lib/web_console/templates/index.html.erb (79.4ms)


Started GET "/" for 127.0.0.1 at 2017-01-13 16:47:33 -0800
Processing by WelcomeController#index as HTML
  Rendered welcome/index.html.erb within layouts/application (17.3ms)
Completed 200 OK in 101ms (Views: 99.7ms | ActiveRecord: 0.0ms)


Started GET "/assets/bootstrap-sprockets" for 127.0.0.1 at 2017-01-13 16:47:33 -0800


Started GET "/assets/bootstrap" for 127.0.0.1 at 2017-01-13 16:47:33 -0800


Started GET "/assets/bootstrap/theme" for 127.0.0.1 at 2017-01-13 16:47:33 -0800

ActionController::RoutingError (No route matches [GET] "/assets/bootstrap/theme"):
  actionpack (4.2.6) lib/action_dispatch/middleware/debug_exceptions.rb:21:in `call'
  web-console (2.3.0) lib/web_console/middleware.rb:28:in `block in call'
  web-console (2.3.0) lib/web_console/middleware.rb:18:in `catch'
  web-console (2.3.0) lib/web_console/middleware.rb:18:in `call'
  actionpack (4.2.6) lib/action_dispatch/middleware/show_exceptions.rb:30:in `call'
  railties (4.2.6) lib/rails/rack/logger.rb:38:in `call_app'
  railties (4.2.6) lib/rails/rack/logger.rb:20:in `block in call'
  activesupport (4.2.6) lib/active_support/tagged_logging.rb:68:in `block in tagged'
  activesupport (4.2.6) lib/active_support/tagged_logging.rb:26:in `tagged'
  activesupport (4.2.6) lib/active_support/tagged_logging.rb:68:in `tagged'
  railties (4.2.6) lib/rails/rack/logger.rb:20:in `call'
  actionpack (4.2.6) lib/action_dispatch/middleware/request_id.rb:21:in `call'
  rack (1.6.5) lib/rack/methodoverride.rb:22:in `call'
  rack (1.6.5) lib/rack/runtime.rb:18:in `call'
  activesupport (4.2.6) lib/active_support/cache/strategy/local_cache_middleware.rb:28:in `call'
  rack (1.6.5) lib/rack/lock.rb:17:in `call'
  actionpack (4.2.6) lib/action_dispatch/middleware/static.rb:120:in `call'
  rack (1.6.5) lib/rack/sendfile.rb:113:in `call'
  railties (4.2.6) lib/rails/engine.rb:518:in `call'
  railties (4.2.6) lib/rails/application.rb:165:in `call'
  rack (1.6.5) lib/rack/lock.rb:17:in `call'
  rack (1.6.5) lib/rack/content_length.rb:15:in `call'
  rack (1.6.5) lib/rack/handler/webrick.rb:88:in `service'
  /home/roberto/.rbenv/versions/2.3.1/lib/ruby/2.3.0/webrick/httpserver.rb:140:in `service'
  /home/roberto/.rbenv/versions/2.3.1/lib/ruby/2.3.0/webrick/httpserver.rb:96:in `run'
  /home/roberto/.rbenv/versions/2.3.1/lib/ruby/2.3.0/webrick/server.rb:296:in `block in start_thread'


  Rendered /home/roberto/.rbenv/versions/2.3.1/lib/ruby/gems/2.3.0/gems/actionpack-4.2.6/lib/action_dispatch/middleware/templates/rescues/_trace.html.erb (27.7ms)
  Rendered /home/roberto/.rbenv/versions/2.3.1/lib/ruby/gems/2.3.0/gems/actionpack-4.2.6/lib/action_dispatch/middleware/templates/routes/_route.html.erb (6.7ms)
  Rendered /home/roberto/.rbenv/versions/2.3.1/lib/ruby/gems/2.3.0/gems/actionpack-4.2.6/lib/action_dispatch/middleware/templates/routes/_table.html.erb (5.6ms)
  Rendered /home/roberto/.rbenv/versions/2.3.1/lib/ruby/gems/2.3.0/gems/actionpack-4.2.6/lib/action_dispatch/middleware/templates/rescues/_request_and_response.html.erb (6.5ms)
  Rendered /home/roberto/.rbenv/versions/2.3.1/lib/ruby/gems/2.3.0/gems/actionpack-4.2.6/lib/action_dispatch/middleware/templates/rescues/routing_error.html.erb within rescues/layout (123.4ms)
  Rendered /home/roberto/.rbenv/versions/2.3.1/lib/ruby/gems/2.3.0/gems/web-console-2.3.0/lib/web_console/templates/_markup.html.erb (1.7ms)
  Rendered /home/roberto/.rbenv/versions/2.3.1/lib/ruby/gems/2.3.0/gems/web-console-2.3.0/lib/web_console/templates/_inner_console_markup.html.erb within layouts/inlined_string (2.5ms)
  Rendered /home/roberto/.rbenv/versions/2.3.1/lib/ruby/gems/2.3.0/gems/web-console-2.3.0/lib/web_console/templates/_prompt_box_markup.html.erb within layouts/inlined_string (1.4ms)
  Rendered /home/roberto/.rbenv/versions/2.3.1/lib/ruby/gems/2.3.0/gems/web-console-2.3.0/lib/web_console/templates/style.css.erb within layouts/inlined_string (6.2ms)
  Rendered /home/roberto/.rbenv/versions/2.3.1/lib/ruby/gems/2.3.0/gems/web-console-2.3.0/lib/web_console/templates/console.js.erb within layouts/javascript (63.9ms)
  Rendered /home/roberto/.rbenv/versions/2.3.1/lib/ruby/gems/2.3.0/gems/web-console-2.3.0/lib/web_console/templates/main.js.erb within layouts/javascript (0.6ms)
  Rendered /home/roberto/.rbenv/versions/2.3.1/lib/ruby/gems/2.3.0/gems/web-console-2.3.0/lib/web_console/templates/error_page.js.erb within layouts/javascript (2.5ms)
  Rendered /home/roberto/.rbenv/versions/2.3.1/lib/ruby/gems/2.3.0/gems/web-console-2.3.0/lib/web_console/templates/index.html.erb (114.2ms)


Started GET "/" for 127.0.0.1 at 2017-01-13 16:49:19 -0800
Processing by WelcomeController#index as HTML
  Rendered welcome/index.html.erb within layouts/application (0.4ms)
Completed 200 OK in 216ms (Views: 215.4ms | ActiveRecord: 0.0ms)


Started GET "/assets/application.self-a1cf8c2139fadd1b554474f73d659406116052c17c3f8a9938e8c51978ea6a75.css?body=1" for 127.0.0.1 at 2017-01-13 16:49:20 -0800


Started GET "/assets/jquery_ujs.self-784a997f6726036b1993eb2217c9cb558e1cbb801c6da88105588c56f13b466a.js?body=1" for 127.0.0.1 at 2017-01-13 16:49:20 -0800


Started GET "/assets/jquery.self-bd7ddd393353a8d2480a622e80342adf488fb6006d667e8b42e4c0073393abee.js?body=1" for 127.0.0.1 at 2017-01-13 16:49:20 -0800


Started GET "/assets/application.self-3b8dabdc891efe46b9a144b400ad69e37d7e5876bdc39dee783419a69d7ca819.js?body=1" for 127.0.0.1 at 2017-01-13 16:49:20 -0800


Started GET "/assets/turbolinks.self-c5acd7a204f5f25ce7a1d8a0e4d92e28d34c9e2df2c7371cd7af88e147e4ad82.js?body=1" for 127.0.0.1 at 2017-01-13 16:49:20 -0800


Started GET "/assets/welcome.self-877aef30ae1b040ab8a3aba4e3e309a11d7f2612f44dde450b5c157aa5f95c05.js?body=1" for 127.0.0.1 at 2017-01-13 16:49:20 -0800


Started GET "/assets/bootstrap-sprockets" for 127.0.0.1 at 2017-01-13 16:49:20 -0800


Started GET "/assets/bootstrap" for 127.0.0.1 at 2017-01-13 16:49:20 -0800


Started GET "/assets/bootstrap/theme" for 127.0.0.1 at 2017-01-13 16:49:20 -0800

ActionController::RoutingError (No route matches [GET] "/assets/bootstrap/theme"):
  actionpack (4.2.6) lib/action_dispatch/middleware/debug_exceptions.rb:21:in `call'
  web-console (2.3.0) lib/web_console/middleware.rb:28:in `block in call'
  web-console (2.3.0) lib/web_console/middleware.rb:18:in `catch'
  web-console (2.3.0) lib/web_console/middleware.rb:18:in `call'
  actionpack (4.2.6) lib/action_dispatch/middleware/show_exceptions.rb:30:in `call'
  railties (4.2.6) lib/rails/rack/logger.rb:38:in `call_app'
  railties (4.2.6) lib/rails/rack/logger.rb:20:in `block in call'
  activesupport (4.2.6) lib/active_support/tagged_logging.rb:68:in `block in tagged'
  activesupport (4.2.6) lib/active_support/tagged_logging.rb:26:in `tagged'
  activesupport (4.2.6) lib/active_support/tagged_logging.rb:68:in `tagged'
  railties (4.2.6) lib/rails/rack/logger.rb:20:in `call'
  actionpack (4.2.6) lib/action_dispatch/middleware/request_id.rb:21:in `call'
  rack (1.6.5) lib/rack/methodoverride.rb:22:in `call'
  rack (1.6.5) lib/rack/runtime.rb:18:in `call'
  activesupport (4.2.6) lib/active_support/cache/strategy/local_cache_middleware.rb:28:in `call'
  rack (1.6.5) lib/rack/lock.rb:17:in `call'
  actionpack (4.2.6) lib/action_dispatch/middleware/static.rb:120:in `call'
  rack (1.6.5) lib/rack/sendfile.rb:113:in `call'
  railties (4.2.6) lib/rails/engine.rb:518:in `call'
  railties (4.2.6) lib/rails/application.rb:165:in `call'
  rack (1.6.5) lib/rack/lock.rb:17:in `call'
  rack (1.6.5) lib/rack/content_length.rb:15:in `call'
  rack (1.6.5) lib/rack/handler/webrick.rb:88:in `service'
  /home/roberto/.rbenv/versions/2.3.1/lib/ruby/2.3.0/webrick/httpserver.rb:140:in `service'
  /home/roberto/.rbenv/versions/2.3.1/lib/ruby/2.3.0/webrick/httpserver.rb:96:in `run'
  /home/roberto/.rbenv/versions/2.3.1/lib/ruby/2.3.0/webrick/server.rb:296:in `block in start_thread'


  Rendered /home/roberto/.rbenv/versions/2.3.1/lib/ruby/gems/2.3.0/gems/actionpack-4.2.6/lib/action_dispatch/middleware/templates/rescues/_trace.html.erb (6.1ms)
  Rendered /home/roberto/.rbenv/versions/2.3.1/lib/ruby/gems/2.3.0/gems/actionpack-4.2.6/lib/action_dispatch/middleware/templates/routes/_route.html.erb (4.2ms)
  Rendered /home/roberto/.rbenv/versions/2.3.1/lib/ruby/gems/2.3.0/gems/actionpack-4.2.6/lib/action_dispatch/middleware/templates/routes/_table.html.erb (6.1ms)
  Rendered /home/roberto/.rbenv/versions/2.3.1/lib/ruby/gems/2.3.0/gems/actionpack-4.2.6/lib/action_dispatch/middleware/templates/rescues/_request_and_response.html.erb (6.0ms)
  Rendered /home/roberto/.rbenv/versions/2.3.1/lib/ruby/gems/2.3.0/gems/actionpack-4.2.6/lib/action_dispatch/middleware/templates/rescues/routing_error.html.erb within rescues/layout (84.7ms)
  Rendered /home/roberto/.rbenv/versions/2.3.1/lib/ruby/gems/2.3.0/gems/web-console-2.3.0/lib/web_console/templates/_markup.html.erb (2.4ms)
  Rendered /home/roberto/.rbenv/versions/2.3.1/lib/ruby/gems/2.3.0/gems/web-console-2.3.0/lib/web_console/templates/_inner_console_markup.html.erb within layouts/inlined_string (0.7ms)
  Rendered /home/roberto/.rbenv/versions/2.3.1/lib/ruby/gems/2.3.0/gems/web-console-2.3.0/lib/web_console/templates/_prompt_box_markup.html.erb within layouts/inlined_string (0.8ms)
  Rendered /home/roberto/.rbenv/versions/2.3.1/lib/ruby/gems/2.3.0/gems/web-console-2.3.0/lib/web_console/templates/style.css.erb within layouts/inlined_string (1.6ms)
  Rendered /home/roberto/.rbenv/versions/2.3.1/lib/ruby/gems/2.3.0/gems/web-console-2.3.0/lib/web_console/templates/console.js.erb within layouts/javascript (53.8ms)
  Rendered /home/roberto/.rbenv/versions/2.3.1/lib/ruby/gems/2.3.0/gems/web-console-2.3.0/lib/web_console/templates/main.js.erb within layouts/javascript (1.2ms)
  Rendered /home/roberto/.rbenv/versions/2.3.1/lib/ruby/gems/2.3.0/gems/web-console-2.3.0/lib/web_console/templates/error_page.js.erb within layouts/javascript (1.0ms)
  Rendered /home/roberto/.rbenv/versions/2.3.1/lib/ruby/gems/2.3.0/gems/web-console-2.3.0/lib/web_console/templates/index.html.erb (113.3ms)
